<?xml version="1.0" encoding="UTF-8"?>
<robot generator="Robot 5.0 (Python 3.10.4 on darwin)" generated="20220417 11:52:34.261" rpa="false" schemaversion="3">
<suite id="s1" name="Regression" source="/Users/alexanderpena/Desktop/Pivotree/Tests/AutomationPractice/Regression.robot">
<test id="s1-t1" name="Verify correct user creation." line="14">
<kw name="Start TestCase" library="CommontFuntionality" type="SETUP">
<kw name="Open Browser" library="SeleniumLibrary">
<arg>http://automationpractice.com/index.php</arg>
<arg>chrome</arg>
<doc>Opens a new browser instance to the optional ``url``.</doc>
<msg timestamp="20220417 11:52:34.528" level="INFO">Opening browser 'chrome' to base url 'http://automationpractice.com/index.php'.</msg>
<status status="PASS" starttime="20220417 11:52:34.528" endtime="20220417 11:52:39.676"/>
</kw>
<kw name="Maximize Browser Window" library="SeleniumLibrary">
<doc>Maximizes current browser window.</doc>
<status status="PASS" starttime="20220417 11:52:39.677" endtime="20220417 11:52:39.822"/>
</kw>
<status status="PASS" starttime="20220417 11:52:34.527" endtime="20220417 11:52:39.822"/>
</kw>
<kw name="Enter ramdon email" library="UserCreationPage">
<kw name="Click Element" library="SeleniumLibrary">
<arg>//*[@id="header"]/div[2]/div/div/nav/div[1]/a</arg>
<doc>Click the element identified by ``locator``.</doc>
<msg timestamp="20220417 11:52:39.823" level="INFO">Clicking element '//*[@id="header"]/div[2]/div/div/nav/div[1]/a'.</msg>
<status status="PASS" starttime="20220417 11:52:39.823" endtime="20220417 11:52:41.100"/>
</kw>
<kw name="Sleep" library="BuiltIn">
<arg>3s</arg>
<doc>Pauses the test executed for the given time.</doc>
<msg timestamp="20220417 11:52:44.102" level="INFO">Slept 3 seconds</msg>
<status status="PASS" starttime="20220417 11:52:41.100" endtime="20220417 11:52:44.102"/>
</kw>
<kw name="Generate Random String" library="String">
<var>${ret}</var>
<doc>Generates a string with a desired ``length`` from the given ``chars``.</doc>
<msg timestamp="20220417 11:52:44.102" level="INFO">${ret} = GSJIpgwa</msg>
<status status="PASS" starttime="20220417 11:52:44.102" endtime="20220417 11:52:44.102"/>
</kw>
<kw name="Input Text" library="SeleniumLibrary">
<arg>//*[@id="email_create"]</arg>
<arg>${a}${ret}${b}</arg>
<doc>Types the given ``text`` into the text field identified by ``locator``.</doc>
<msg timestamp="20220417 11:52:44.103" level="INFO">Typing text 'testcolombiaGSJIpgwa@gmail.com' into text field '//*[@id="email_create"]'.</msg>
<status status="PASS" starttime="20220417 11:52:44.103" endtime="20220417 11:52:44.263"/>
</kw>
<kw name="Sleep" library="BuiltIn">
<arg>3s</arg>
<doc>Pauses the test executed for the given time.</doc>
<msg timestamp="20220417 11:52:47.265" level="INFO">Slept 3 seconds</msg>
<status status="PASS" starttime="20220417 11:52:44.263" endtime="20220417 11:52:47.265"/>
</kw>
<kw name="Click Element" library="SeleniumLibrary">
<arg>//*[@id="SubmitCreate"]/span</arg>
<doc>Click the element identified by ``locator``.</doc>
<msg timestamp="20220417 11:52:47.265" level="INFO">Clicking element '//*[@id="SubmitCreate"]/span'.</msg>
<status status="PASS" starttime="20220417 11:52:47.265" endtime="20220417 11:52:47.355"/>
</kw>
<status status="PASS" starttime="20220417 11:52:39.822" endtime="20220417 11:52:47.355"/>
</kw>
<kw name="Populate form" library="UserCreationPage">
<kw name="Sleep" library="BuiltIn">
<arg>3s</arg>
<doc>Pauses the test executed for the given time.</doc>
<msg timestamp="20220417 11:52:50.357" level="INFO">Slept 3 seconds</msg>
<status status="PASS" starttime="20220417 11:52:47.355" endtime="20220417 11:52:50.357"/>
</kw>
<kw name="Click Element" library="SeleniumLibrary">
<arg>//*[@id="account-creation_form"]/div[1]/div[1]/div[1]/label</arg>
<doc>Click the element identified by ``locator``.</doc>
<msg timestamp="20220417 11:52:50.358" level="INFO">Clicking element '//*[@id="account-creation_form"]/div[1]/div[1]/div[1]/label'.</msg>
<status status="PASS" starttime="20220417 11:52:50.358" endtime="20220417 11:52:50.400"/>
</kw>
<kw name="Input Text" library="SeleniumLibrary">
<arg>//*[@id="customer_firstname"]</arg>
<arg>Fredy</arg>
<doc>Types the given ``text`` into the text field identified by ``locator``.</doc>
<msg timestamp="20220417 11:52:50.400" level="INFO">Typing text 'Fredy' into text field '//*[@id="customer_firstname"]'.</msg>
<status status="PASS" starttime="20220417 11:52:50.400" endtime="20220417 11:52:50.491"/>
</kw>
<kw name="Input Text" library="SeleniumLibrary">
<arg>//*[@id="customer_lastname"]</arg>
<arg>Test</arg>
<doc>Types the given ``text`` into the text field identified by ``locator``.</doc>
<msg timestamp="20220417 11:52:50.492" level="INFO">Typing text 'Test' into text field '//*[@id="customer_lastname"]'.</msg>
<status status="PASS" starttime="20220417 11:52:50.491" endtime="20220417 11:52:50.551"/>
</kw>
<kw name="Click Element" library="SeleniumLibrary">
<arg>//*[@id="email"]</arg>
<doc>Click the element identified by ``locator``.</doc>
<msg timestamp="20220417 11:52:50.551" level="INFO">Clicking element '//*[@id="email"]'.</msg>
<status status="PASS" starttime="20220417 11:52:50.551" endtime="20220417 11:52:50.590"/>
</kw>
<kw name="Input Text" library="SeleniumLibrary">
<arg>//*[@id="passwd"]</arg>
<arg>Testing1#</arg>
<doc>Types the given ``text`` into the text field identified by ``locator``.</doc>
<msg timestamp="20220417 11:52:50.590" level="INFO">Typing text 'Testing1#' into text field '//*[@id="passwd"]'.</msg>
<status status="PASS" starttime="20220417 11:52:50.590" endtime="20220417 11:52:50.664"/>
</kw>
<kw name="Click Element" library="SeleniumLibrary">
<arg>//*[@id="days"]</arg>
<doc>Click the element identified by ``locator``.</doc>
<msg timestamp="20220417 11:52:50.664" level="INFO">Clicking element '//*[@id="days"]'.</msg>
<status status="PASS" starttime="20220417 11:52:50.664" endtime="20220417 11:52:50.767"/>
</kw>
<kw name="Click Element" library="SeleniumLibrary">
<arg>//*[@id="days"]/option[18]</arg>
<doc>Click the element identified by ``locator``.</doc>
<msg timestamp="20220417 11:52:50.768" level="INFO">Clicking element '//*[@id="days"]/option[18]'.</msg>
<status status="PASS" starttime="20220417 11:52:50.767" endtime="20220417 11:52:51.065"/>
</kw>
<kw name="Click Element" library="SeleniumLibrary">
<arg>//*[@id="months"]</arg>
<doc>Click the element identified by ``locator``.</doc>
<msg timestamp="20220417 11:52:51.065" level="INFO">Clicking element '//*[@id="months"]'.</msg>
<status status="PASS" starttime="20220417 11:52:51.065" endtime="20220417 11:52:51.364"/>
</kw>
<kw name="Click Element" library="SeleniumLibrary">
<arg>//*[@id="months"]/option[5]</arg>
<doc>Click the element identified by ``locator``.</doc>
<msg timestamp="20220417 11:52:51.364" level="INFO">Clicking element '//*[@id="months"]/option[5]'.</msg>
<status status="PASS" starttime="20220417 11:52:51.364" endtime="20220417 11:52:51.667"/>
</kw>
<kw name="Click Element" library="SeleniumLibrary">
<arg>//*[@id="years"]</arg>
<doc>Click the element identified by ``locator``.</doc>
<msg timestamp="20220417 11:52:51.668" level="INFO">Clicking element '//*[@id="years"]'.</msg>
<status status="PASS" starttime="20220417 11:52:51.667" endtime="20220417 11:52:51.980"/>
</kw>
<kw name="Click Element" library="SeleniumLibrary">
<arg>//*[@id="years"]/option[7]</arg>
<doc>Click the element identified by ``locator``.</doc>
<msg timestamp="20220417 11:52:51.980" level="INFO">Clicking element '//*[@id="years"]/option[7]'.</msg>
<status status="PASS" starttime="20220417 11:52:51.980" endtime="20220417 11:52:52.280"/>
</kw>
<kw name="Click Element" library="SeleniumLibrary">
<arg>//*[@id="firstname"]</arg>
<doc>Click the element identified by ``locator``.</doc>
<msg timestamp="20220417 11:52:52.280" level="INFO">Clicking element '//*[@id="firstname"]'.</msg>
<status status="PASS" starttime="20220417 11:52:52.280" endtime="20220417 11:52:52.597"/>
</kw>
<kw name="Click Element" library="SeleniumLibrary">
<arg>//*[@id="lastname"]</arg>
<doc>Click the element identified by ``locator``.</doc>
<msg timestamp="20220417 11:52:52.597" level="INFO">Clicking element '//*[@id="lastname"]'.</msg>
<status status="PASS" starttime="20220417 11:52:52.597" endtime="20220417 11:52:52.651"/>
</kw>
<kw name="Input Text" library="SeleniumLibrary">
<arg>//*[@id="company"]</arg>
<arg>Privotree</arg>
<doc>Types the given ``text`` into the text field identified by ``locator``.</doc>
<msg timestamp="20220417 11:52:52.652" level="INFO">Typing text 'Privotree' into text field '//*[@id="company"]'.</msg>
<status status="PASS" starttime="20220417 11:52:52.651" endtime="20220417 11:52:52.724"/>
</kw>
<kw name="Input Text" library="SeleniumLibrary">
<arg>//*[@id="address1"]</arg>
<arg>Street 45 23-45</arg>
<doc>Types the given ``text`` into the text field identified by ``locator``.</doc>
<msg timestamp="20220417 11:52:52.725" level="INFO">Typing text 'Street 45 23-45' into text field '//*[@id="address1"]'.</msg>
<status status="PASS" starttime="20220417 11:52:52.725" endtime="20220417 11:52:52.796"/>
</kw>
<kw name="Input Text" library="SeleniumLibrary">
<arg>//*[@id="address2"]</arg>
<arg>Apartment 17</arg>
<doc>Types the given ``text`` into the text field identified by ``locator``.</doc>
<msg timestamp="20220417 11:52:52.797" level="INFO">Typing text 'Apartment 17' into text field '//*[@id="address2"]'.</msg>
<status status="PASS" starttime="20220417 11:52:52.796" endtime="20220417 11:52:52.857"/>
</kw>
<kw name="Input Text" library="SeleniumLibrary">
<arg>//*[@id="city"]</arg>
<arg>Flowers</arg>
<doc>Types the given ``text`` into the text field identified by ``locator``.</doc>
<msg timestamp="20220417 11:52:52.857" level="INFO">Typing text 'Flowers' into text field '//*[@id="city"]'.</msg>
<status status="PASS" starttime="20220417 11:52:52.857" endtime="20220417 11:52:52.919"/>
</kw>
<kw name="Click Element" library="SeleniumLibrary">
<arg>//*[@id="id_state"]</arg>
<doc>Click the element identified by ``locator``.</doc>
<msg timestamp="20220417 11:52:52.919" level="INFO">Clicking element '//*[@id="id_state"]'.</msg>
<status status="PASS" starttime="20220417 11:52:52.919" endtime="20220417 11:52:52.996"/>
</kw>
<kw name="Click Element" library="SeleniumLibrary">
<arg>//*[@id="id_state"]/option[11]</arg>
<doc>Click the element identified by ``locator``.</doc>
<msg timestamp="20220417 11:52:52.997" level="INFO">Clicking element '//*[@id="id_state"]/option[11]'.</msg>
<status status="PASS" starttime="20220417 11:52:52.997" endtime="20220417 11:52:53.300"/>
</kw>
<kw name="Input Text" library="SeleniumLibrary">
<arg>//*[@id="postcode"]</arg>
<arg>11111</arg>
<doc>Types the given ``text`` into the text field identified by ``locator``.</doc>
<msg timestamp="20220417 11:52:53.300" level="INFO">Typing text '11111' into text field '//*[@id="postcode"]'.</msg>
<status status="PASS" starttime="20220417 11:52:53.300" endtime="20220417 11:52:53.639"/>
</kw>
<kw name="Click Element" library="SeleniumLibrary">
<arg>//*[@id="id_country"]</arg>
<doc>Click the element identified by ``locator``.</doc>
<msg timestamp="20220417 11:52:53.639" level="INFO">Clicking element '//*[@id="id_country"]'.</msg>
<status status="PASS" starttime="20220417 11:52:53.639" endtime="20220417 11:52:53.714"/>
</kw>
<kw name="Input Text" library="SeleniumLibrary">
<arg>//*[@id="other"]</arg>
<arg>Test test test test test test</arg>
<doc>Types the given ``text`` into the text field identified by ``locator``.</doc>
<msg timestamp="20220417 11:52:53.714" level="INFO">Typing text 'Test test test test test test' into text field '//*[@id="other"]'.</msg>
<status status="PASS" starttime="20220417 11:52:53.714" endtime="20220417 11:52:54.052"/>
</kw>
<kw name="Input Text" library="SeleniumLibrary">
<arg>//*[@id="phone"]</arg>
<arg>62167543</arg>
<doc>Types the given ``text`` into the text field identified by ``locator``.</doc>
<msg timestamp="20220417 11:52:54.052" level="INFO">Typing text '62167543' into text field '//*[@id="phone"]'.</msg>
<status status="PASS" starttime="20220417 11:52:54.052" endtime="20220417 11:52:54.132"/>
</kw>
<kw name="Input Text" library="SeleniumLibrary">
<arg>//*[@id="phone_mobile"]</arg>
<arg>678543234</arg>
<doc>Types the given ``text`` into the text field identified by ``locator``.</doc>
<msg timestamp="20220417 11:52:54.132" level="INFO">Typing text '678543234' into text field '//*[@id="phone_mobile"]'.</msg>
<status status="PASS" starttime="20220417 11:52:54.132" endtime="20220417 11:52:54.197"/>
</kw>
<kw name="Input Text" library="SeleniumLibrary">
<arg>//*[@id="alias"]</arg>
<arg>street 17 17-17</arg>
<doc>Types the given ``text`` into the text field identified by ``locator``.</doc>
<msg timestamp="20220417 11:52:54.197" level="INFO">Typing text 'street 17 17-17' into text field '//*[@id="alias"]'.</msg>
<status status="PASS" starttime="20220417 11:52:54.197" endtime="20220417 11:52:54.315"/>
</kw>
<kw name="Click Element" library="SeleniumLibrary">
<arg>//*[@id="submitAccount"]</arg>
<doc>Click the element identified by ``locator``.</doc>
<msg timestamp="20220417 11:52:54.316" level="INFO">Clicking element '//*[@id="submitAccount"]'.</msg>
<status status="PASS" starttime="20220417 11:52:54.316" endtime="20220417 11:52:55.798"/>
</kw>
<kw name="Sleep" library="BuiltIn">
<arg>3s</arg>
<doc>Pauses the test executed for the given time.</doc>
<msg timestamp="20220417 11:52:58.800" level="INFO">Slept 3 seconds</msg>
<status status="PASS" starttime="20220417 11:52:55.798" endtime="20220417 11:52:58.800"/>
</kw>
<status status="PASS" starttime="20220417 11:52:47.355" endtime="20220417 11:52:58.800"/>
</kw>
<kw name="Finish TestCase" library="CommontFuntionality" type="TEARDOWN">
<kw name="Close Browser" library="SeleniumLibrary">
<doc>Closes the current browser.</doc>
<status status="PASS" starttime="20220417 11:52:58.800" endtime="20220417 11:52:58.962"/>
</kw>
<status status="PASS" starttime="20220417 11:52:58.800" endtime="20220417 11:52:58.962"/>
</kw>
<doc>This test case Verify a basic user creation.</doc>
<tag>Funtional</tag>
<status status="PASS" starttime="20220417 11:52:34.526" endtime="20220417 11:52:58.962"/>
</test>
<test id="s1-t2" name="Verify basic search." line="20">
<kw name="Start TestCase" library="CommontFuntionality" type="SETUP">
<kw name="Open Browser" library="SeleniumLibrary">
<arg>http://automationpractice.com/index.php</arg>
<arg>chrome</arg>
<doc>Opens a new browser instance to the optional ``url``.</doc>
<msg timestamp="20220417 11:52:58.963" level="INFO">Opening browser 'chrome' to base url 'http://automationpractice.com/index.php'.</msg>
<status status="PASS" starttime="20220417 11:52:58.963" endtime="20220417 11:53:04.279"/>
</kw>
<kw name="Maximize Browser Window" library="SeleniumLibrary">
<doc>Maximizes current browser window.</doc>
<status status="PASS" starttime="20220417 11:53:04.279" endtime="20220417 11:53:04.490"/>
</kw>
<status status="PASS" starttime="20220417 11:52:58.963" endtime="20220417 11:53:04.491"/>
</kw>
<kw name="Verify Search Results" library="SearchResultPage">
<kw name="Input Text" library="SeleniumLibrary">
<arg>//*[@id="search_query_top"]</arg>
<arg>dress</arg>
<doc>Types the given ``text`` into the text field identified by ``locator``.</doc>
<msg timestamp="20220417 11:53:04.492" level="INFO">Typing text 'dress' into text field '//*[@id="search_query_top"]'.</msg>
<status status="PASS" starttime="20220417 11:53:04.491" endtime="20220417 11:53:04.712"/>
</kw>
<kw name="Press Keys" library="SeleniumLibrary">
<arg>//*[@id="searchbox"]/button</arg>
<arg>[Return]</arg>
<doc>Simulates the user pressing key(s) to an element or on the active browser.</doc>
<msg timestamp="20220417 11:53:04.713" level="INFO">Sending key(s) ('[Return]',) to //*[@id="searchbox"]/button element.</msg>
<msg timestamp="20220417 11:53:06.494" level="INFO">Sending keys [Return]</msg>
<status status="PASS" starttime="20220417 11:53:04.712" endtime="20220417 11:53:06.503"/>
</kw>
<kw name="Page Should Contain" library="SeleniumLibrary">
<arg>results have been found.</arg>
<doc>Verifies that current page contains ``text``.</doc>
<msg timestamp="20220417 11:53:06.513" level="INFO">Current page contains text 'results have been found.'.</msg>
<status status="PASS" starttime="20220417 11:53:06.503" endtime="20220417 11:53:06.514"/>
</kw>
<status status="PASS" starttime="20220417 11:53:04.491" endtime="20220417 11:53:06.514"/>
</kw>
<kw name="Finish TestCase" library="CommontFuntionality" type="TEARDOWN">
<kw name="Close Browser" library="SeleniumLibrary">
<doc>Closes the current browser.</doc>
<status status="PASS" starttime="20220417 11:53:06.514" endtime="20220417 11:53:06.668"/>
</kw>
<status status="PASS" starttime="20220417 11:53:06.514" endtime="20220417 11:53:06.668"/>
</kw>
<doc>This test case Verify a basic search in the funtionality.</doc>
<tag>Funtional</tag>
<status status="PASS" starttime="20220417 11:52:58.962" endtime="20220417 11:53:06.669"/>
</test>
<test id="s1-t3" name="Verify the correct login" line="25">
<kw name="Start TestCase" library="CommontFuntionality" type="SETUP">
<kw name="Open Browser" library="SeleniumLibrary">
<arg>http://automationpractice.com/index.php</arg>
<arg>chrome</arg>
<doc>Opens a new browser instance to the optional ``url``.</doc>
<msg timestamp="20220417 11:53:06.670" level="INFO">Opening browser 'chrome' to base url 'http://automationpractice.com/index.php'.</msg>
<status status="PASS" starttime="20220417 11:53:06.670" endtime="20220417 11:53:44.691"/>
</kw>
<kw name="Maximize Browser Window" library="SeleniumLibrary">
<doc>Maximizes current browser window.</doc>
<status status="PASS" starttime="20220417 11:53:44.691" endtime="20220417 11:53:44.821"/>
</kw>
<status status="PASS" starttime="20220417 11:53:06.670" endtime="20220417 11:53:44.822"/>
</kw>
<kw name="Login" library="Login">
<kw name="Click Element" library="SeleniumLibrary">
<arg>//*[@id="header"]/div[2]/div/div/nav/div[1]/a</arg>
<doc>Click the element identified by ``locator``.</doc>
<msg timestamp="20220417 11:53:44.823" level="INFO">Clicking element '//*[@id="header"]/div[2]/div/div/nav/div[1]/a'.</msg>
<status status="PASS" starttime="20220417 11:53:44.822" endtime="20220417 11:53:46.683"/>
</kw>
<kw name="Sleep" library="BuiltIn">
<arg>3s</arg>
<doc>Pauses the test executed for the given time.</doc>
<msg timestamp="20220417 11:53:49.685" level="INFO">Slept 3 seconds</msg>
<status status="PASS" starttime="20220417 11:53:46.683" endtime="20220417 11:53:49.685"/>
</kw>
<kw name="Input Text" library="SeleniumLibrary">
<arg>//*[@id="email"]</arg>
<arg>fredypforero@gmail.com</arg>
<doc>Types the given ``text`` into the text field identified by ``locator``.</doc>
<msg timestamp="20220417 11:53:49.686" level="INFO">Typing text 'fredypforero@gmail.com' into text field '//*[@id="email"]'.</msg>
<status status="PASS" starttime="20220417 11:53:49.686" endtime="20220417 11:53:49.816"/>
</kw>
<kw name="Input Text" library="SeleniumLibrary">
<arg>//*[@id="passwd"]</arg>
<arg>Testing1#</arg>
<doc>Types the given ``text`` into the text field identified by ``locator``.</doc>
<msg timestamp="20220417 11:53:49.817" level="INFO">Typing text 'Testing1#' into text field '//*[@id="passwd"]'.</msg>
<status status="PASS" starttime="20220417 11:53:49.816" endtime="20220417 11:53:49.888"/>
</kw>
<kw name="Click Element" library="SeleniumLibrary">
<arg>//*[@id="SubmitLogin"]/span</arg>
<doc>Click the element identified by ``locator``.</doc>
<msg timestamp="20220417 11:53:49.888" level="INFO">Clicking element '//*[@id="SubmitLogin"]/span'.</msg>
<status status="PASS" starttime="20220417 11:53:49.888" endtime="20220417 11:53:52.265"/>
</kw>
<kw name="Page Should Contain" library="SeleniumLibrary">
<arg>Welcome to your account. Here you can manage all of your personal information and orders.</arg>
<doc>Verifies that current page contains ``text``.</doc>
<msg timestamp="20220417 11:53:52.274" level="INFO">Current page contains text 'Welcome to your account. Here you can manage all of your personal information and orders.'.</msg>
<status status="PASS" starttime="20220417 11:53:52.265" endtime="20220417 11:53:52.274"/>
</kw>
<status status="PASS" starttime="20220417 11:53:44.822" endtime="20220417 11:53:52.274"/>
</kw>
<kw name="Finish TestCase" library="CommontFuntionality" type="TEARDOWN">
<kw name="Close Browser" library="SeleniumLibrary">
<doc>Closes the current browser.</doc>
<status status="PASS" starttime="20220417 11:53:52.275" endtime="20220417 11:53:52.429"/>
</kw>
<status status="PASS" starttime="20220417 11:53:52.275" endtime="20220417 11:53:52.429"/>
</kw>
<doc>This test case Verify the login in the funtionlity.</doc>
<tag>Funtional</tag>
<status status="PASS" starttime="20220417 11:53:06.669" endtime="20220417 11:53:52.429"/>
</test>
<test id="s1-t4" name="E2E purchase Verification" line="30">
<kw name="Start TestCase" library="CommontFuntionality" type="SETUP">
<kw name="Open Browser" library="SeleniumLibrary">
<arg>http://automationpractice.com/index.php</arg>
<arg>chrome</arg>
<doc>Opens a new browser instance to the optional ``url``.</doc>
<msg timestamp="20220417 11:53:52.431" level="INFO">Opening browser 'chrome' to base url 'http://automationpractice.com/index.php'.</msg>
<status status="PASS" starttime="20220417 11:53:52.431" endtime="20220417 11:53:58.228"/>
</kw>
<kw name="Maximize Browser Window" library="SeleniumLibrary">
<doc>Maximizes current browser window.</doc>
<status status="PASS" starttime="20220417 11:53:58.228" endtime="20220417 11:53:58.370"/>
</kw>
<status status="PASS" starttime="20220417 11:53:52.431" endtime="20220417 11:53:58.370"/>
</kw>
<kw name="Verify Search Results" library="SearchResultPage">
<kw name="Input Text" library="SeleniumLibrary">
<arg>//*[@id="search_query_top"]</arg>
<arg>dress</arg>
<doc>Types the given ``text`` into the text field identified by ``locator``.</doc>
<msg timestamp="20220417 11:53:58.372" level="INFO">Typing text 'dress' into text field '//*[@id="search_query_top"]'.</msg>
<status status="PASS" starttime="20220417 11:53:58.371" endtime="20220417 11:53:58.516"/>
</kw>
<kw name="Press Keys" library="SeleniumLibrary">
<arg>//*[@id="searchbox"]/button</arg>
<arg>[Return]</arg>
<doc>Simulates the user pressing key(s) to an element or on the active browser.</doc>
<msg timestamp="20220417 11:53:58.517" level="INFO">Sending key(s) ('[Return]',) to //*[@id="searchbox"]/button element.</msg>
<msg timestamp="20220417 11:54:00.335" level="INFO">Sending keys [Return]</msg>
<status status="PASS" starttime="20220417 11:53:58.516" endtime="20220417 11:54:00.344"/>
</kw>
<kw name="Page Should Contain" library="SeleniumLibrary">
<arg>results have been found.</arg>
<doc>Verifies that current page contains ``text``.</doc>
<msg timestamp="20220417 11:54:00.355" level="INFO">Current page contains text 'results have been found.'.</msg>
<status status="PASS" starttime="20220417 11:54:00.344" endtime="20220417 11:54:00.355"/>
</kw>
<status status="PASS" starttime="20220417 11:53:58.371" endtime="20220417 11:54:00.356"/>
</kw>
<kw name="Select one element" library="SearchResultPage">
<kw name="Mouse Over" library="SeleniumLibrary">
<arg>//*[@id="center_column"]/ul/li[1]/div/div[1]/div/a[1]/img</arg>
<doc>Simulates hovering the mouse over the element ``locator``.</doc>
<msg timestamp="20220417 11:54:00.356" level="INFO">Simulating Mouse Over on element '//*[@id="center_column"]/ul/li[1]/div/div[1]/div/a[1]/img'.</msg>
<status status="PASS" starttime="20220417 11:54:00.356" endtime="20220417 11:54:00.643"/>
</kw>
<kw name="Sleep" library="BuiltIn">
<arg>3s</arg>
<doc>Pauses the test executed for the given time.</doc>
<msg timestamp="20220417 11:54:03.644" level="INFO">Slept 3 seconds</msg>
<status status="PASS" starttime="20220417 11:54:00.643" endtime="20220417 11:54:03.645"/>
</kw>
<kw name="Mouse Down" library="SeleniumLibrary">
<arg>//*[@id="center_column"]/ul/li[1]/div/div[2]/div[2]/a[1]</arg>
<doc>Simulates pressing the left mouse button on the element ``locator``.</doc>
<msg timestamp="20220417 11:54:03.645" level="INFO">Simulating Mouse Down on element '//*[@id="center_column"]/ul/li[1]/div/div[2]/div[2]/a[1]'.</msg>
<status status="PASS" starttime="20220417 11:54:03.645" endtime="20220417 11:54:03.918"/>
</kw>
<kw name="Click Element" library="SeleniumLibrary">
<arg>//*[@id="center_column"]/ul/li[1]/div/div[2]/div[2]/a[1]</arg>
<doc>Click the element identified by ``locator``.</doc>
<msg timestamp="20220417 11:54:03.918" level="INFO">Clicking element '//*[@id="center_column"]/ul/li[1]/div/div[2]/div[2]/a[1]'.</msg>
<status status="PASS" starttime="20220417 11:54:03.918" endtime="20220417 11:54:03.950"/>
</kw>
<kw name="Sleep" library="BuiltIn">
<arg>3s</arg>
<doc>Pauses the test executed for the given time.</doc>
<msg timestamp="20220417 11:54:06.951" level="INFO">Slept 3 seconds</msg>
<status status="PASS" starttime="20220417 11:54:03.950" endtime="20220417 11:54:06.951"/>
</kw>
<kw name="Mouse Over" library="SeleniumLibrary">
<arg>//*[@id="layer_cart"]/div[1]/div[2]/div[4]/a/span</arg>
<doc>Simulates hovering the mouse over the element ``locator``.</doc>
<msg timestamp="20220417 11:54:06.952" level="INFO">Simulating Mouse Over on element '//*[@id="layer_cart"]/div[1]/div[2]/div[4]/a/span'.</msg>
<status status="PASS" starttime="20220417 11:54:06.951" endtime="20220417 11:54:07.219"/>
</kw>
<kw name="Click Element" library="SeleniumLibrary">
<arg>//*[@id="layer_cart"]/div[1]/div[2]/div[4]/a/span</arg>
<doc>Click the element identified by ``locator``.</doc>
<msg timestamp="20220417 11:54:07.219" level="INFO">Clicking element '//*[@id="layer_cart"]/div[1]/div[2]/div[4]/a/span'.</msg>
<status status="PASS" starttime="20220417 11:54:07.219" endtime="20220417 11:54:08.406"/>
</kw>
<kw name="Sleep" library="BuiltIn">
<arg>3s</arg>
<doc>Pauses the test executed for the given time.</doc>
<msg timestamp="20220417 11:54:11.407" level="INFO">Slept 3 seconds</msg>
<status status="PASS" starttime="20220417 11:54:08.406" endtime="20220417 11:54:11.407"/>
</kw>
<status status="PASS" starttime="20220417 11:54:00.356" endtime="20220417 11:54:11.407"/>
</kw>
<kw name="Enter ramdon email" library="UserCreationPage">
<kw name="Click Element" library="SeleniumLibrary">
<arg>//*[@id="header"]/div[2]/div/div/nav/div[1]/a</arg>
<doc>Click the element identified by ``locator``.</doc>
<msg timestamp="20220417 11:54:11.408" level="INFO">Clicking element '//*[@id="header"]/div[2]/div/div/nav/div[1]/a'.</msg>
<status status="PASS" starttime="20220417 11:54:11.407" endtime="20220417 11:54:13.308"/>
</kw>
<kw name="Sleep" library="BuiltIn">
<arg>3s</arg>
<doc>Pauses the test executed for the given time.</doc>
<msg timestamp="20220417 11:54:16.310" level="INFO">Slept 3 seconds</msg>
<status status="PASS" starttime="20220417 11:54:13.308" endtime="20220417 11:54:16.310"/>
</kw>
<kw name="Generate Random String" library="String">
<var>${ret}</var>
<doc>Generates a string with a desired ``length`` from the given ``chars``.</doc>
<msg timestamp="20220417 11:54:16.311" level="INFO">${ret} = aZVuBqSI</msg>
<status status="PASS" starttime="20220417 11:54:16.310" endtime="20220417 11:54:16.311"/>
</kw>
<kw name="Input Text" library="SeleniumLibrary">
<arg>//*[@id="email_create"]</arg>
<arg>${a}${ret}${b}</arg>
<doc>Types the given ``text`` into the text field identified by ``locator``.</doc>
<msg timestamp="20220417 11:54:16.311" level="INFO">Typing text 'testcolombiaaZVuBqSI@gmail.com' into text field '//*[@id="email_create"]'.</msg>
<status status="PASS" starttime="20220417 11:54:16.311" endtime="20220417 11:54:16.390"/>
</kw>
<kw name="Sleep" library="BuiltIn">
<arg>3s</arg>
<doc>Pauses the test executed for the given time.</doc>
<msg timestamp="20220417 11:54:19.391" level="INFO">Slept 3 seconds</msg>
<status status="PASS" starttime="20220417 11:54:16.390" endtime="20220417 11:54:19.391"/>
</kw>
<kw name="Click Element" library="SeleniumLibrary">
<arg>//*[@id="SubmitCreate"]/span</arg>
<doc>Click the element identified by ``locator``.</doc>
<msg timestamp="20220417 11:54:19.392" level="INFO">Clicking element '//*[@id="SubmitCreate"]/span'.</msg>
<status status="PASS" starttime="20220417 11:54:19.392" endtime="20220417 11:54:19.432"/>
</kw>
<status status="PASS" starttime="20220417 11:54:11.407" endtime="20220417 11:54:19.433"/>
</kw>
<kw name="Populate form" library="UserCreationPage">
<kw name="Sleep" library="BuiltIn">
<arg>3s</arg>
<doc>Pauses the test executed for the given time.</doc>
<msg timestamp="20220417 11:54:22.434" level="INFO">Slept 3 seconds</msg>
<status status="PASS" starttime="20220417 11:54:19.433" endtime="20220417 11:54:22.434"/>
</kw>
<kw name="Click Element" library="SeleniumLibrary">
<arg>//*[@id="account-creation_form"]/div[1]/div[1]/div[1]/label</arg>
<doc>Click the element identified by ``locator``.</doc>
<msg timestamp="20220417 11:54:22.434" level="INFO">Clicking element '//*[@id="account-creation_form"]/div[1]/div[1]/div[1]/label'.</msg>
<status status="PASS" starttime="20220417 11:54:22.434" endtime="20220417 11:54:22.466"/>
</kw>
<kw name="Input Text" library="SeleniumLibrary">
<arg>//*[@id="customer_firstname"]</arg>
<arg>Fredy</arg>
<doc>Types the given ``text`` into the text field identified by ``locator``.</doc>
<msg timestamp="20220417 11:54:22.467" level="INFO">Typing text 'Fredy' into text field '//*[@id="customer_firstname"]'.</msg>
<status status="PASS" starttime="20220417 11:54:22.466" endtime="20220417 11:54:22.529"/>
</kw>
<kw name="Input Text" library="SeleniumLibrary">
<arg>//*[@id="customer_lastname"]</arg>
<arg>Test</arg>
<doc>Types the given ``text`` into the text field identified by ``locator``.</doc>
<msg timestamp="20220417 11:54:22.530" level="INFO">Typing text 'Test' into text field '//*[@id="customer_lastname"]'.</msg>
<status status="PASS" starttime="20220417 11:54:22.530" endtime="20220417 11:54:22.588"/>
</kw>
<kw name="Click Element" library="SeleniumLibrary">
<arg>//*[@id="email"]</arg>
<doc>Click the element identified by ``locator``.</doc>
<msg timestamp="20220417 11:54:22.588" level="INFO">Clicking element '//*[@id="email"]'.</msg>
<status status="PASS" starttime="20220417 11:54:22.588" endtime="20220417 11:54:22.625"/>
</kw>
<kw name="Input Text" library="SeleniumLibrary">
<arg>//*[@id="passwd"]</arg>
<arg>Testing1#</arg>
<doc>Types the given ``text`` into the text field identified by ``locator``.</doc>
<msg timestamp="20220417 11:54:22.625" level="INFO">Typing text 'Testing1#' into text field '//*[@id="passwd"]'.</msg>
<status status="PASS" starttime="20220417 11:54:22.625" endtime="20220417 11:54:22.689"/>
</kw>
<kw name="Click Element" library="SeleniumLibrary">
<arg>//*[@id="days"]</arg>
<doc>Click the element identified by ``locator``.</doc>
<msg timestamp="20220417 11:54:22.689" level="INFO">Clicking element '//*[@id="days"]'.</msg>
<status status="PASS" starttime="20220417 11:54:22.689" endtime="20220417 11:54:22.759"/>
</kw>
<kw name="Click Element" library="SeleniumLibrary">
<arg>//*[@id="days"]/option[18]</arg>
<doc>Click the element identified by ``locator``.</doc>
<msg timestamp="20220417 11:54:22.759" level="INFO">Clicking element '//*[@id="days"]/option[18]'.</msg>
<status status="PASS" starttime="20220417 11:54:22.759" endtime="20220417 11:54:23.048"/>
</kw>
<kw name="Click Element" library="SeleniumLibrary">
<arg>//*[@id="months"]</arg>
<doc>Click the element identified by ``locator``.</doc>
<msg timestamp="20220417 11:54:23.049" level="INFO">Clicking element '//*[@id="months"]'.</msg>
<status status="PASS" starttime="20220417 11:54:23.048" endtime="20220417 11:54:23.331"/>
</kw>
<kw name="Click Element" library="SeleniumLibrary">
<arg>//*[@id="months"]/option[5]</arg>
<doc>Click the element identified by ``locator``.</doc>
<msg timestamp="20220417 11:54:23.331" level="INFO">Clicking element '//*[@id="months"]/option[5]'.</msg>
<status status="PASS" starttime="20220417 11:54:23.331" endtime="20220417 11:54:23.616"/>
</kw>
<kw name="Click Element" library="SeleniumLibrary">
<arg>//*[@id="years"]</arg>
<doc>Click the element identified by ``locator``.</doc>
<msg timestamp="20220417 11:54:23.616" level="INFO">Clicking element '//*[@id="years"]'.</msg>
<status status="PASS" starttime="20220417 11:54:23.616" endtime="20220417 11:54:23.951"/>
</kw>
<kw name="Click Element" library="SeleniumLibrary">
<arg>//*[@id="years"]/option[7]</arg>
<doc>Click the element identified by ``locator``.</doc>
<msg timestamp="20220417 11:54:23.952" level="INFO">Clicking element '//*[@id="years"]/option[7]'.</msg>
<status status="PASS" starttime="20220417 11:54:23.951" endtime="20220417 11:54:24.296"/>
</kw>
<kw name="Click Element" library="SeleniumLibrary">
<arg>//*[@id="firstname"]</arg>
<doc>Click the element identified by ``locator``.</doc>
<msg timestamp="20220417 11:54:24.309" level="INFO">Clicking element '//*[@id="firstname"]'.</msg>
<status status="PASS" starttime="20220417 11:54:24.308" endtime="20220417 11:54:24.654"/>
</kw>
<kw name="Click Element" library="SeleniumLibrary">
<arg>//*[@id="lastname"]</arg>
<doc>Click the element identified by ``locator``.</doc>
<msg timestamp="20220417 11:54:24.655" level="INFO">Clicking element '//*[@id="lastname"]'.</msg>
<status status="PASS" starttime="20220417 11:54:24.654" endtime="20220417 11:54:24.692"/>
</kw>
<kw name="Input Text" library="SeleniumLibrary">
<arg>//*[@id="company"]</arg>
<arg>Privotree</arg>
<doc>Types the given ``text`` into the text field identified by ``locator``.</doc>
<msg timestamp="20220417 11:54:24.693" level="INFO">Typing text 'Privotree' into text field '//*[@id="company"]'.</msg>
<status status="PASS" starttime="20220417 11:54:24.692" endtime="20220417 11:54:24.755"/>
</kw>
<kw name="Input Text" library="SeleniumLibrary">
<arg>//*[@id="address1"]</arg>
<arg>Street 45 23-45</arg>
<doc>Types the given ``text`` into the text field identified by ``locator``.</doc>
<msg timestamp="20220417 11:54:24.755" level="INFO">Typing text 'Street 45 23-45' into text field '//*[@id="address1"]'.</msg>
<status status="PASS" starttime="20220417 11:54:24.755" endtime="20220417 11:54:24.819"/>
</kw>
<kw name="Input Text" library="SeleniumLibrary">
<arg>//*[@id="address2"]</arg>
<arg>Apartment 17</arg>
<doc>Types the given ``text`` into the text field identified by ``locator``.</doc>
<msg timestamp="20220417 11:54:24.819" level="INFO">Typing text 'Apartment 17' into text field '//*[@id="address2"]'.</msg>
<status status="PASS" starttime="20220417 11:54:24.819" endtime="20220417 11:54:24.879"/>
</kw>
<kw name="Input Text" library="SeleniumLibrary">
<arg>//*[@id="city"]</arg>
<arg>Flowers</arg>
<doc>Types the given ``text`` into the text field identified by ``locator``.</doc>
<msg timestamp="20220417 11:54:24.880" level="INFO">Typing text 'Flowers' into text field '//*[@id="city"]'.</msg>
<status status="PASS" starttime="20220417 11:54:24.879" endtime="20220417 11:54:24.941"/>
</kw>
<kw name="Click Element" library="SeleniumLibrary">
<arg>//*[@id="id_state"]</arg>
<doc>Click the element identified by ``locator``.</doc>
<msg timestamp="20220417 11:54:24.941" level="INFO">Clicking element '//*[@id="id_state"]'.</msg>
<status status="PASS" starttime="20220417 11:54:24.941" endtime="20220417 11:54:24.992"/>
</kw>
<kw name="Click Element" library="SeleniumLibrary">
<arg>//*[@id="id_state"]/option[11]</arg>
<doc>Click the element identified by ``locator``.</doc>
<msg timestamp="20220417 11:54:24.993" level="INFO">Clicking element '//*[@id="id_state"]/option[11]'.</msg>
<status status="PASS" starttime="20220417 11:54:24.992" endtime="20220417 11:54:25.300"/>
</kw>
<kw name="Input Text" library="SeleniumLibrary">
<arg>//*[@id="postcode"]</arg>
<arg>11111</arg>
<doc>Types the given ``text`` into the text field identified by ``locator``.</doc>
<msg timestamp="20220417 11:54:25.301" level="INFO">Typing text '11111' into text field '//*[@id="postcode"]'.</msg>
<status status="PASS" starttime="20220417 11:54:25.300" endtime="20220417 11:54:25.611"/>
</kw>
<kw name="Click Element" library="SeleniumLibrary">
<arg>//*[@id="id_country"]</arg>
<doc>Click the element identified by ``locator``.</doc>
<msg timestamp="20220417 11:54:25.611" level="INFO">Clicking element '//*[@id="id_country"]'.</msg>
<status status="PASS" starttime="20220417 11:54:25.611" endtime="20220417 11:54:25.662"/>
</kw>
<kw name="Input Text" library="SeleniumLibrary">
<arg>//*[@id="other"]</arg>
<arg>Test test test test test test</arg>
<doc>Types the given ``text`` into the text field identified by ``locator``.</doc>
<msg timestamp="20220417 11:54:25.662" level="INFO">Typing text 'Test test test test test test' into text field '//*[@id="other"]'.</msg>
<status status="PASS" starttime="20220417 11:54:25.662" endtime="20220417 11:54:25.970"/>
</kw>
<kw name="Input Text" library="SeleniumLibrary">
<arg>//*[@id="phone"]</arg>
<arg>62167543</arg>
<doc>Types the given ``text`` into the text field identified by ``locator``.</doc>
<msg timestamp="20220417 11:54:25.970" level="INFO">Typing text '62167543' into text field '//*[@id="phone"]'.</msg>
<status status="PASS" starttime="20220417 11:54:25.970" endtime="20220417 11:54:26.029"/>
</kw>
<kw name="Input Text" library="SeleniumLibrary">
<arg>//*[@id="phone_mobile"]</arg>
<arg>678543234</arg>
<doc>Types the given ``text`` into the text field identified by ``locator``.</doc>
<msg timestamp="20220417 11:54:26.030" level="INFO">Typing text '678543234' into text field '//*[@id="phone_mobile"]'.</msg>
<status status="PASS" starttime="20220417 11:54:26.029" endtime="20220417 11:54:26.089"/>
</kw>
<kw name="Input Text" library="SeleniumLibrary">
<arg>//*[@id="alias"]</arg>
<arg>street 17 17-17</arg>
<doc>Types the given ``text`` into the text field identified by ``locator``.</doc>
<msg timestamp="20220417 11:54:26.089" level="INFO">Typing text 'street 17 17-17' into text field '//*[@id="alias"]'.</msg>
<status status="PASS" starttime="20220417 11:54:26.089" endtime="20220417 11:54:26.155"/>
</kw>
<kw name="Click Element" library="SeleniumLibrary">
<arg>//*[@id="submitAccount"]</arg>
<doc>Click the element identified by ``locator``.</doc>
<msg timestamp="20220417 11:54:26.155" level="INFO">Clicking element '//*[@id="submitAccount"]'.</msg>
<status status="PASS" starttime="20220417 11:54:26.155" endtime="20220417 11:54:27.995"/>
</kw>
<kw name="Sleep" library="BuiltIn">
<arg>3s</arg>
<doc>Pauses the test executed for the given time.</doc>
<msg timestamp="20220417 11:54:30.996" level="INFO">Slept 3 seconds</msg>
<status status="PASS" starttime="20220417 11:54:27.995" endtime="20220417 11:54:30.996"/>
</kw>
<status status="PASS" starttime="20220417 11:54:19.433" endtime="20220417 11:54:30.996"/>
</kw>
<kw name="Complete the order" library="CompleteOrder">
<kw name="Click Element" library="SeleniumLibrary">
<arg>//*[@id="center_column"]/p[2]/a[1]/span</arg>
<doc>Click the element identified by ``locator``.</doc>
<msg timestamp="20220417 11:54:30.998" level="INFO">Clicking element '//*[@id="center_column"]/p[2]/a[1]/span'.</msg>
<status status="PASS" starttime="20220417 11:54:30.997" endtime="20220417 11:54:32.917"/>
</kw>
<kw name="Input Text" library="SeleniumLibrary">
<arg>//*[@id="ordermsg"]/textarea</arg>
<arg>Test test test test</arg>
<doc>Types the given ``text`` into the text field identified by ``locator``.</doc>
<msg timestamp="20220417 11:54:32.918" level="INFO">Typing text 'Test test test test' into text field '//*[@id="ordermsg"]/textarea'.</msg>
<status status="PASS" starttime="20220417 11:54:32.917" endtime="20220417 11:54:32.977"/>
</kw>
<kw name="Click Element" library="SeleniumLibrary">
<arg>//*[@id="center_column"]/form/p/button/span</arg>
<doc>Click the element identified by ``locator``.</doc>
<msg timestamp="20220417 11:54:32.977" level="INFO">Clicking element '//*[@id="center_column"]/form/p/button/span'.</msg>
<status status="PASS" starttime="20220417 11:54:32.977" endtime="20220417 11:54:33.986"/>
</kw>
<kw name="Click Element" library="SeleniumLibrary">
<arg>//*[@id="cgv"]</arg>
<doc>Click the element identified by ``locator``.</doc>
<msg timestamp="20220417 11:54:33.987" level="INFO">Clicking element '//*[@id="cgv"]'.</msg>
<status status="PASS" starttime="20220417 11:54:33.986" endtime="20220417 11:54:34.028"/>
</kw>
<kw name="Click Element" library="SeleniumLibrary">
<arg>//*[@id="form"]/p/button/span</arg>
<doc>Click the element identified by ``locator``.</doc>
<msg timestamp="20220417 11:54:34.028" level="INFO">Clicking element '//*[@id="form"]/p/button/span'.</msg>
<status status="PASS" starttime="20220417 11:54:34.028" endtime="20220417 11:54:34.834"/>
</kw>
<kw name="Click Element" library="SeleniumLibrary">
<arg>//*[@id="HOOK_PAYMENT"]/div[1]/div/p/a</arg>
<doc>Click the element identified by ``locator``.</doc>
<msg timestamp="20220417 11:54:34.834" level="INFO">Clicking element '//*[@id="HOOK_PAYMENT"]/div[1]/div/p/a'.</msg>
<status status="PASS" starttime="20220417 11:54:34.834" endtime="20220417 11:54:35.505"/>
</kw>
<kw name="Click Element" library="SeleniumLibrary">
<arg>//*[@id="cart_navigation"]/button/span</arg>
<doc>Click the element identified by ``locator``.</doc>
<msg timestamp="20220417 11:54:35.506" level="INFO">Clicking element '//*[@id="cart_navigation"]/button/span'.</msg>
<status status="PASS" starttime="20220417 11:54:35.505" endtime="20220417 11:54:37.321"/>
</kw>
<kw name="Page Should Contain" library="SeleniumLibrary">
<arg>Your order on My Store is complete.</arg>
<doc>Verifies that current page contains ``text``.</doc>
<msg timestamp="20220417 11:54:37.334" level="INFO">Current page contains text 'Your order on My Store is complete.'.</msg>
<status status="PASS" starttime="20220417 11:54:37.321" endtime="20220417 11:54:37.334"/>
</kw>
<kw name="Sleep" library="BuiltIn">
<arg>3s</arg>
<doc>Pauses the test executed for the given time.</doc>
<msg timestamp="20220417 11:54:40.335" level="INFO">Slept 3 seconds</msg>
<status status="PASS" starttime="20220417 11:54:37.334" endtime="20220417 11:54:40.336"/>
</kw>
<status status="PASS" starttime="20220417 11:54:30.997" endtime="20220417 11:54:40.336"/>
</kw>
<kw name="Finish TestCase" library="CommontFuntionality" type="TEARDOWN">
<kw name="Close Browser" library="SeleniumLibrary">
<doc>Closes the current browser.</doc>
<status status="PASS" starttime="20220417 11:54:40.337" endtime="20220417 11:54:40.528"/>
</kw>
<status status="PASS" starttime="20220417 11:54:40.336" endtime="20220417 11:54:40.528"/>
</kw>
<doc>This test case validates the E2E from searching to purchasing a product.</doc>
<tag>E2E</tag>
<status status="PASS" starttime="20220417 11:53:52.430" endtime="20220417 11:54:40.528"/>
</test>
<doc>Basic Regression Tests Cases</doc>
<status status="PASS" starttime="20220417 11:52:34.264" endtime="20220417 11:54:40.529"/>
</suite>
<statistics>
<total>
<stat pass="4" fail="0" skip="0">All Tests</stat>
</total>
<tag>
<stat pass="1" fail="0" skip="0">E2E</stat>
<stat pass="3" fail="0" skip="0">Funtional</stat>
</tag>
<suite>
<stat pass="4" fail="0" skip="0" id="s1" name="Regression">Regression</stat>
</suite>
</statistics>
<errors>
</errors>
</robot>
